2025-05-21 17:40:45,572 INFO:Starting Lasso alpha search experiment
2025-05-21 17:40:45,572 INFO:Loading data
2025-05-21 17:40:46,127 INFO:Computing trip duration and filtering
2025-05-21 17:40:46,948 INFO:Deriving datetime features
2025-05-21 17:40:47,358 INFO:Splitting data into train and test sets
2025-05-21 17:40:48,167 INFO:Testing alphas: [1.00000000e-05 2.33572147e-05 5.45559478e-05 1.27427499e-04
 2.97635144e-04 6.95192796e-04 1.62377674e-03 3.79269019e-03
 8.85866790e-03 2.06913808e-02 4.83293024e-02 1.12883789e-01
 2.63665090e-01 6.15848211e-01 1.43844989e+00 3.35981829e+00
 7.84759970e+00 1.83298071e+01 4.28133240e+01 1.00000000e+02]
2025-05-21 17:40:49,397 INFO:Testing alpha 1e-05
2025-05-21 17:41:22,240 INFO:Starting Lasso alpha search experiment
2025-05-21 17:41:22,240 INFO:Loading data
2025-05-21 17:41:22,921 INFO:Computing trip duration and filtering
2025-05-21 17:41:23,850 INFO:Deriving datetime features
2025-05-21 17:41:24,504 INFO:Splitting data into train and test sets
2025-05-21 17:41:25,602 INFO:Testing alphas: [1.00000000e-05 2.33572147e-05 5.45559478e-05 1.27427499e-04
 2.97635144e-04 6.95192796e-04 1.62377674e-03 3.79269019e-03
 8.85866790e-03 2.06913808e-02 4.83293024e-02 1.12883789e-01
 2.63665090e-01 6.15848211e-01 1.43844989e+00 3.35981829e+00
 7.84759970e+00 1.83298071e+01 4.28133240e+01 1.00000000e+02]
2025-05-21 17:58:40,784 INFO:Starting Lasso alpha search experiment
2025-05-21 17:58:40,784 INFO:Loading data
2025-05-21 17:58:41,281 INFO:Computing trip duration and filtering
2025-05-21 17:58:41,996 INFO:Deriving datetime features
2025-05-21 17:58:42,505 INFO:Splitting data into train and test sets
2025-05-21 17:58:43,505 INFO:Testing alphas: [1.00000000e-05 2.33572147e-05 5.45559478e-05 1.27427499e-04
 2.97635144e-04 6.95192796e-04 1.62377674e-03 3.79269019e-03
 8.85866790e-03 2.06913808e-02 4.83293024e-02 1.12883789e-01
 2.63665090e-01 6.15848211e-01 1.43844989e+00 3.35981829e+00
 7.84759970e+00 1.83298071e+01 4.28133240e+01 1.00000000e+02]
2025-05-21 17:58:45,012 INFO:Testing alpha 1e-05
2025-05-21 17:58:58,480 INFO:alpha_1e-05: CV score = -0.0682
2025-05-21 17:58:58,480 INFO:Testing alpha 2e-05
2025-05-21 17:59:14,330 INFO:alpha_2e-05: CV score = -0.0682
2025-05-21 17:59:14,331 INFO:Testing alpha 5e-05
2025-05-21 17:59:30,960 INFO:alpha_5e-05: CV score = -0.0682
2025-05-21 17:59:30,960 INFO:Testing alpha 1e-04
2025-05-21 17:59:42,560 INFO:alpha_1e-04: CV score = -0.0682
2025-05-21 17:59:42,560 INFO:Testing alpha 3e-04
2025-05-21 17:59:55,625 INFO:alpha_3e-04: CV score = -0.0682
2025-05-21 17:59:55,625 INFO:Testing alpha 7e-04
2025-05-21 18:00:10,886 INFO:alpha_7e-04: CV score = -0.0682
2025-05-21 18:00:10,892 INFO:Testing alpha 2e-03
2025-05-21 18:00:21,593 INFO:alpha_2e-03: CV score = -0.0682
2025-05-21 18:00:21,593 INFO:Testing alpha 4e-03
